2024-04-29 23:18:26,210: __main__: INFO - Starting backend
2024-04-29 23:19:28,372: __main__: INFO - Starting backend
2024-04-29 23:19:45,854: __main__: INFO - Starting backend
2024-04-30 00:16:48,183: __main__: INFO - Starting backend
2024-04-30 00:20:19,472: __main__: INFO - Starting backend
2024-04-30 00:26:52,187: passlib.handlers.bcrypt: WARN - (trapped) error reading bcrypt version
Traceback (most recent call last):
  File "/Users/ilyat/Desktop/CS3980-Final-Project/venv/lib/python3.10/site-packages/passlib/handlers/bcrypt.py", line 620, in _load_backend_mixin
    version = _bcrypt.__about__.__version__
AttributeError: module 'bcrypt' has no attribute '__about__'
2024-04-30 00:30:31,640: database.db: INFO - Fetched 0 documents from mongoDB
2024-04-30 00:38:30,307: database.db: INFO - Fetched 0 documents from mongoDB
2024-04-30 00:40:43,912: __main__: INFO - Starting backend
2024-04-30 00:40:51,049: database.db: INFO - Fetched 0 documents from mongoDB
2024-04-30 00:42:01,085: database.db: INFO - Fetched 0 documents from mongoDB
2024-04-30 00:47:34,838: __main__: INFO - Starting backend
2024-04-30 00:47:44,283: database.db: INFO - Fetched 0 documents from mongoDB
2024-04-30 00:48:44,145: __main__: INFO - Starting backend
2024-04-30 00:49:02,363: database.db: INFO - Fetched 0 documents from mongoDB
2024-04-30 00:49:06,233: database.db: INFO - Fetched 0 documents from mongoDB
2024-04-30 00:51:15,423: __main__: INFO - Starting backend
2024-04-30 00:51:32,541: database.db: INFO - Fetched 0 documents from mongoDB
2024-04-30 00:52:07,896: __main__: INFO - Starting backend
2024-04-30 00:52:14,135: database.db: INFO - Fetched 0 documents from mongoDB
2024-04-30 00:53:41,487: database.db: INFO - Fetched 0 documents from mongoDB
2024-04-30 00:55:07,739: __main__: INFO - Starting backend
2024-04-30 00:55:13,815: routes.budgets: INFO - [get /bugets] Fetching budget (expenses) for user test_user
2024-04-30 00:55:13,880: database.db: INFO - Fetched 0 documents from mongoDB
2024-04-30 09:12:58,785: passlib.handlers.bcrypt: WARN - (trapped) error reading bcrypt version
Traceback (most recent call last):
  File "C:\Users\jacka\OneDrive\Desktop\Python Web Uiowa\CS3980-Final-Project\backend\env\Lib\site-packages\passlib\handlers\bcrypt.py", line 620, in _load_backend_mixin
    version = _bcrypt.__about__.__version__
              ^^^^^^^^^^^^^^^^^
AttributeError: module 'bcrypt' has no attribute '__about__'
2024-04-30 09:12:59,211: routes.users: INFO - [post /signin] Successfully signed in user jrenning
2024-04-30 09:16:44,748: routes.loans: INFO - [get /loans] Fetching loans for user jrenning
2024-04-30 09:16:45,009: routes.loans: INFO - [get /loans] Fetching loans for user jrenning
2024-04-30 09:18:20,899: routes.loans: INFO - [get /loans] Fetching loans for user jrenning
2024-04-30 09:18:20,954: database.db: INFO - Fetched 0 documents from mongoDB
2024-04-30 09:18:21,014: routes.loans: INFO - [get /loans] Fetching loans for user jrenning
2024-04-30 09:18:21,067: database.db: INFO - Fetched 0 documents from mongoDB
2024-04-30 09:20:29,976: routes.loans: INFO - [get /loans] Fetching loans for user jrenning
2024-04-30 09:20:30,037: database.db: INFO - Fetched 0 documents from mongoDB
2024-04-30 09:20:30,100: routes.loans: INFO - [get /loans] Fetching loans for user jrenning
2024-04-30 09:20:30,153: database.db: INFO - Fetched 0 documents from mongoDB
2024-04-30 09:20:30,216: routes.loans: INFO - [get /loans] Fetching loans for user jrenning
2024-04-30 09:20:30,270: database.db: INFO - Fetched 0 documents from mongoDB
2024-04-30 09:20:30,329: routes.loans: INFO - [get /loans] Fetching loans for user jrenning
2024-04-30 09:20:30,382: database.db: INFO - Fetched 0 documents from mongoDB
2024-04-30 09:20:30,450: routes.loans: INFO - [get /loans] Fetching loans for user jrenning
2024-04-30 09:20:30,519: database.db: INFO - Fetched 0 documents from mongoDB
2024-04-30 09:20:30,595: routes.loans: INFO - [get /loans] Fetching loans for user jrenning
2024-04-30 09:20:30,649: database.db: INFO - Fetched 0 documents from mongoDB
2024-04-30 09:20:30,711: routes.loans: INFO - [get /loans] Fetching loans for user jrenning
2024-04-30 09:20:30,764: database.db: INFO - Fetched 0 documents from mongoDB
2024-04-30 09:20:30,823: routes.loans: INFO - [get /loans] Fetching loans for user jrenning
2024-04-30 09:20:30,886: database.db: INFO - Fetched 0 documents from mongoDB
2024-04-30 09:20:30,949: routes.loans: INFO - [get /loans] Fetching loans for user jrenning
2024-04-30 09:20:31,002: database.db: INFO - Fetched 0 documents from mongoDB
2024-04-30 09:20:31,066: routes.loans: INFO - [get /loans] Fetching loans for user jrenning
2024-04-30 09:20:31,123: database.db: INFO - Fetched 0 documents from mongoDB
2024-04-30 09:20:31,183: routes.loans: INFO - [get /loans] Fetching loans for user jrenning
2024-04-30 09:20:31,248: database.db: INFO - Fetched 0 documents from mongoDB
2024-04-30 09:20:31,306: routes.loans: INFO - [get /loans] Fetching loans for user jrenning
2024-04-30 09:20:31,372: database.db: INFO - Fetched 0 documents from mongoDB
2024-04-30 09:20:31,432: routes.loans: INFO - [get /loans] Fetching loans for user jrenning
2024-04-30 09:20:31,484: database.db: INFO - Fetched 0 documents from mongoDB
2024-04-30 09:20:31,546: routes.loans: INFO - [get /loans] Fetching loans for user jrenning
2024-04-30 09:20:31,600: database.db: INFO - Fetched 0 documents from mongoDB
2024-04-30 09:20:31,663: routes.loans: INFO - [get /loans] Fetching loans for user jrenning
2024-04-30 09:20:31,715: database.db: INFO - Fetched 0 documents from mongoDB
2024-04-30 09:20:31,784: routes.loans: INFO - [get /loans] Fetching loans for user jrenning
2024-04-30 09:20:31,850: database.db: INFO - Fetched 0 documents from mongoDB
2024-04-30 09:20:31,909: routes.loans: INFO - [get /loans] Fetching loans for user jrenning
2024-04-30 09:20:31,961: database.db: INFO - Fetched 0 documents from mongoDB
2024-04-30 09:20:32,023: routes.loans: INFO - [get /loans] Fetching loans for user jrenning
2024-04-30 09:20:32,077: database.db: INFO - Fetched 0 documents from mongoDB
2024-04-30 09:20:32,138: routes.loans: INFO - [get /loans] Fetching loans for user jrenning
2024-04-30 09:20:32,195: database.db: INFO - Fetched 0 documents from mongoDB
2024-04-30 09:20:32,256: routes.loans: INFO - [get /loans] Fetching loans for user jrenning
2024-04-30 09:20:32,311: database.db: INFO - Fetched 0 documents from mongoDB
2024-04-30 09:20:32,420: routes.loans: INFO - [get /loans] Fetching loans for user jrenning
2024-04-30 09:20:32,482: database.db: INFO - Fetched 0 documents from mongoDB
2024-04-30 09:20:32,562: routes.loans: INFO - [get /loans] Fetching loans for user jrenning
2024-04-30 09:20:32,619: database.db: INFO - Fetched 0 documents from mongoDB
2024-04-30 09:20:32,681: routes.loans: INFO - [get /loans] Fetching loans for user jrenning
2024-04-30 09:20:32,736: database.db: INFO - Fetched 0 documents from mongoDB
2024-04-30 09:20:32,802: routes.loans: INFO - [get /loans] Fetching loans for user jrenning
2024-04-30 09:20:32,856: database.db: INFO - Fetched 0 documents from mongoDB
2024-04-30 09:20:32,921: routes.loans: INFO - [get /loans] Fetching loans for user jrenning
2024-04-30 09:20:32,977: database.db: INFO - Fetched 0 documents from mongoDB
2024-04-30 09:20:33,063: routes.loans: INFO - [get /loans] Fetching loans for user jrenning
2024-04-30 09:20:33,115: database.db: INFO - Fetched 0 documents from mongoDB
2024-04-30 09:20:33,175: routes.loans: INFO - [get /loans] Fetching loans for user jrenning
2024-04-30 09:20:33,226: database.db: INFO - Fetched 0 documents from mongoDB
2024-04-30 09:20:33,286: routes.loans: INFO - [get /loans] Fetching loans for user jrenning
2024-04-30 09:20:33,338: database.db: INFO - Fetched 0 documents from mongoDB
2024-04-30 09:20:33,405: routes.loans: INFO - [get /loans] Fetching loans for user jrenning
2024-04-30 09:20:33,458: database.db: INFO - Fetched 0 documents from mongoDB
2024-04-30 09:20:33,521: routes.loans: INFO - [get /loans] Fetching loans for user jrenning
2024-04-30 09:20:33,579: database.db: INFO - Fetched 0 documents from mongoDB
2024-04-30 09:26:25,259: routes.loans: INFO - [get /loans] Fetching loans for user jrenning
2024-04-30 09:26:25,332: routes.loans: INFO - [get /loans] Fetching loans for user jrenning
2024-04-30 09:26:25,446: routes.loans: INFO - [get /loans] Fetching loans for user jrenning
2024-04-30 09:26:25,518: routes.loans: INFO - [get /loans] Fetching loans for user jrenning
2024-04-30 09:26:25,580: routes.loans: INFO - [get /loans] Fetching loans for user jrenning
2024-04-30 09:26:25,659: routes.loans: INFO - [get /loans] Fetching loans for user jrenning
2024-04-30 09:26:25,662: routes.loans: INFO - [get /loans] Fetching loans for user jrenning
2024-04-30 09:26:25,665: database.db: INFO - Fetched 0 documents from mongoDB
2024-04-30 09:26:25,788: database.db: INFO - Fetched 0 documents from mongoDB
2024-04-30 09:26:25,790: database.db: INFO - Fetched 0 documents from mongoDB
2024-04-30 09:26:25,794: database.db: INFO - Fetched 0 documents from mongoDB
2024-04-30 09:26:25,855: routes.loans: INFO - [get /loans] Fetching loans for user jrenning
2024-04-30 09:26:25,856: routes.loans: INFO - [get /loans] Fetching loans for user jrenning
2024-04-30 09:26:25,859: database.db: INFO - Fetched 0 documents from mongoDB
2024-04-30 09:26:25,910: routes.loans: INFO - [get /loans] Fetching loans for user jrenning
2024-04-30 09:26:25,913: database.db: INFO - Fetched 0 documents from mongoDB
2024-04-30 09:26:25,915: database.db: INFO - Fetched 0 documents from mongoDB
2024-04-30 09:26:25,990: routes.loans: INFO - [get /loans] Fetching loans for user jrenning
2024-04-30 09:26:25,993: routes.loans: INFO - [get /loans] Fetching loans for user jrenning
2024-04-30 09:26:25,994: database.db: INFO - Fetched 0 documents from mongoDB
2024-04-30 09:26:26,096: routes.loans: INFO - [get /loans] Fetching loans for user jrenning
2024-04-30 09:26:26,098: database.db: INFO - Fetched 0 documents from mongoDB
2024-04-30 09:26:26,099: database.db: INFO - Fetched 0 documents from mongoDB
2024-04-30 09:26:26,102: database.db: INFO - Fetched 0 documents from mongoDB
2024-04-30 09:26:26,104: database.db: INFO - Fetched 0 documents from mongoDB
2024-04-30 09:26:26,197: routes.loans: INFO - [get /loans] Fetching loans for user jrenning
2024-04-30 09:26:26,199: routes.loans: INFO - [get /loans] Fetching loans for user jrenning
2024-04-30 09:26:26,202: routes.loans: INFO - [get /loans] Fetching loans for user jrenning
2024-04-30 09:26:26,203: routes.loans: INFO - [get /loans] Fetching loans for user jrenning
2024-04-30 09:26:26,206: database.db: INFO - Fetched 0 documents from mongoDB
2024-04-30 09:26:26,269: routes.loans: INFO - [get /loans] Fetching loans for user jrenning
2024-04-30 09:26:26,272: database.db: INFO - Fetched 0 documents from mongoDB
2024-04-30 09:26:26,274: database.db: INFO - Fetched 0 documents from mongoDB
2024-04-30 09:26:26,276: database.db: INFO - Fetched 0 documents from mongoDB
2024-04-30 09:26:26,279: database.db: INFO - Fetched 0 documents from mongoDB
2024-04-30 09:26:26,330: database.db: INFO - Fetched 0 documents from mongoDB
2024-04-30 09:26:26,400: routes.loans: INFO - [get /loans] Fetching loans for user jrenning
2024-04-30 09:26:26,403: routes.loans: INFO - [get /loans] Fetching loans for user jrenning
2024-04-30 09:26:26,405: routes.loans: INFO - [get /loans] Fetching loans for user jrenning
2024-04-30 09:26:26,469: routes.loans: INFO - [get /loans] Fetching loans for user jrenning
2024-04-30 09:26:26,472: database.db: INFO - Fetched 0 documents from mongoDB
2024-04-30 09:26:26,474: database.db: INFO - Fetched 0 documents from mongoDB
2024-04-30 09:26:26,478: database.db: INFO - Fetched 0 documents from mongoDB
2024-04-30 09:26:26,546: database.db: INFO - Fetched 0 documents from mongoDB
2024-04-30 09:30:26,027: routes.loans: INFO - [post /loans] Adding loan for user jrenning
2024-04-30 09:31:35,292: routes.loans: INFO - [post /loans] Adding loan for user jrenning
2024-04-30 09:31:35,294: database.db: INFO - Saving document to mongoDB
2024-04-30 09:31:46,555: routes.loans: INFO - [get /loans] Fetching loans for user jrenning
2024-04-30 09:31:46,607: database.db: INFO - Fetched 1 documents from mongoDB
2024-04-30 09:31:46,676: routes.loans: INFO - [get /loans] Fetching loans for user jrenning
2024-04-30 09:31:46,728: database.db: INFO - Fetched 1 documents from mongoDB
2024-04-30 09:36:00,951: routes.loans: INFO - [get /loans] Fetching loans for user jrenning
2024-04-30 09:36:01,009: database.db: INFO - Fetched 1 documents from mongoDB
2024-04-30 09:36:01,073: routes.loans: INFO - [get /loans] Fetching loans for user jrenning
2024-04-30 09:36:01,127: database.db: INFO - Fetched 1 documents from mongoDB
2024-04-30 09:38:18,296: __main__: INFO - Starting backend
2024-04-30 09:39:05,427: routes.loans: INFO - [get /loans] Fetching loans for user jrenning
2024-04-30 09:39:05,479: database.db: INFO - Fetched 1 documents from mongoDB
2024-04-30 09:39:09,879: routes.loans: INFO - [post /loans] Adding loan for user jrenning
2024-04-30 09:39:09,880: database.db: INFO - Saving document to mongoDB
2024-04-30 09:39:48,431: routes.loans: INFO - [post /loans] Adding loan for user jrenning
2024-04-30 09:39:48,433: database.db: INFO - Saving document to mongoDB
